<?xml version="1.0" encoding="UTF-8"?>
<!-- Generated by org.testng.reporters.JUnitReportReporter -->
<testsuite hostname="DESKTOP-SILCKIK" failures="0" tests="1" name="ShoppingProject.Meesho" time="14.405" errors="0" timestamp="2023-07-27T14:02:22 IST" skipped="0">
  <testcase classname="ShoppingProject.Meesho" name="MeeshoTest" time="14.405"/>
  <system-out>
    <![CDATA[opening Meesho]]>
  </system-out>
</testsuite> <!-- ShoppingProject.Meesho -->
